<?xml version="1.0" encoding="UTF-8"?>
<!-- Generated by org.testng.reporters.JUnitReportReporter -->
<testsuite hostname="SWO-35097263" failures="0" tests="1" name="proj.SumValidation" time="2.607" errors="0" timestamp="2022-06-04T09:36:47 COT" skipped="0">
  <testcase classname="proj.SumValidation" name="sumOfCourses" time="2.607"/>
  <system-out/>
</testsuite> <!-- proj.SumValidation -->
