<?xml version="1.0" encoding="UTF-8"?>
<!-- Generated by org.testng.reporters.JUnitReportReporter -->
<testsuite hostname="SWO-35097263" failures="0" tests="3" name="files.DynamicJson" time="3.560" errors="0" timestamp="2022-06-10T21:59:45 COT" skipped="0">
  <testcase classname="files.DynamicJson" name="addBook" time="0.654"/>
  <system-out/>
  <testcase classname="files.DynamicJson" name="addBook" time="2.253"/>
  <system-out/>
  <testcase classname="files.DynamicJson" name="addBook" time="0.653"/>
  <system-out/>
</testsuite> <!-- files.DynamicJson -->
